This file contains any messages produced by compilers while
running configure, to aid debugging if configure makes a mistake.

It was created by libsecp256k1 configure 0.1, which was
generated by GNU Autoconf 2.69.  Invocation command line was

  $ ./configure --disable-option-checking --prefix=/ --disable-shared --with-pic --cache-file=/dev/null --srcdir=.

## --------- ##
## Platform. ##
## --------- ##

hostname = edson-Inspiron-15-3567
uname -m = x86_64
uname -r = 5.3.0-51-generic
uname -s = Linux
uname -v = #44-Ubuntu SMP Wed Apr 22 21:09:44 UTC 2020

/usr/bin/uname -p = x86_64
/bin/uname -X     = unknown

/bin/arch              = x86_64
/usr/bin/arch -k       = unknown
/usr/convex/getsysinfo = unknown
/usr/bin/hostinfo      = unknown
/bin/machine           = unknown
/usr/bin/oslevel       = unknown
/bin/universe          = unknown

PATH: /home/edson/Azzurerenamed/depends/x86_64-w64-mingw32/share/../native/bin
PATH: /usr/local/sbin
PATH: /usr/local/bin
PATH: /usr/sbin
PATH: /usr/bin
PATH: /sbin
PATH: /bin
PATH: /usr/games
PATH: /usr/local/games
PATH: /snap/bin


## ----------- ##
## Core tests. ##
## ----------- ##

configure:2169: loading site script /home/edson/Azzurerenamed/depends/x86_64-w64-mingw32/share/config.site
| depends_prefix="`dirname ${ac_site_file}`/.."
| 
| cross_compiling=maybe
| host_alias=x86_64-w64-mingw32
| ac_tool_prefix=${host_alias}-
| 
| if test -z $with_boost; then
|   with_boost=$depends_prefix
| fi
| if test -z $with_qt_plugindir; then
|   with_qt_plugindir=$depends_prefix/plugins
| fi
| if test -z $with_qt_translationdir; then
|   with_qt_translationdir=$depends_prefix/translations
| fi
| if test -z $with_qt_bindir; then
|   with_qt_bindir=$depends_prefix/native/bin
| fi
| if test -z $with_protoc_bindir; then
|   with_protoc_bindir=$depends_prefix/native/bin
| fi
| if test -z $with_comparison_tool; then
|   with_comparison_tool=$depends_prefix/native/share/BitcoindComparisonTool_jar/BitcoindComparisonTool.jar
| fi
| 
| 
| if test -z $enable_wallet && test -n ""; then
|   enable_wallet=no
| fi
| 
| if test -z $with_miniupnpc && test -n ""; then
|   with_miniupnpc=no
| fi
| 
| if test -z $with_gui && test -n ""; then
|   with_gui=no
| fi
| 
| if test xmingw32 = xdarwin; then
|   BREW=no
|   PORT=no
| fi
| 
| if test xmingw32 = xmingw32; then
|   if test -z $with_qt_incdir; then
|     with_qt_incdir=$depends_prefix/include
|   fi
|   if test -z $with_qt_libdir; then
|     with_qt_libdir=$depends_prefix/lib
|   fi
| fi
| 
| PATH=$depends_prefix/native/bin:$PATH
| PKG_CONFIG="`which pkg-config` --static"
| 
| # These two need to remain exported because pkg-config does not see them
| # otherwise. That means they must be unexported at the end of configure.ac to
| # avoid ruining the cache. Sigh.
| 
| export PKG_CONFIG_LIBDIR=$depends_prefix/lib/pkgconfig
| export PKG_CONFIG_PATH=$depends_prefix/share/pkgconfig
| 
| CPPFLAGS="-I$depends_prefix/include/ $CPPFLAGS"
| LDFLAGS="-L$depends_prefix/lib $LDFLAGS"
| 
| CC="x86_64-w64-mingw32-gcc"
| CXX="x86_64-w64-mingw32-g++"
| OBJC="${CC}"
| OBJCXX="${CXX}"
| CCACHE=$depends_prefix/native/bin/ccache
| PYTHONPATH=$depends_prefix/native/lib/python/dist-packages:$PYTHONPATH
| 
| if test -n "x86_64-w64-mingw32-ar"; then
|   AR=x86_64-w64-mingw32-ar
|   ac_cv_path_ac_pt_AR=${AR}
| fi
| 
| if test -n "x86_64-w64-mingw32-ranlib"; then
|   RANLIB=x86_64-w64-mingw32-ranlib
|   ac_cv_path_ac_pt_RANLIB=${RANLIB}
| fi
| 
| if test -n "x86_64-w64-mingw32-nm"; then
|   NM=x86_64-w64-mingw32-nm
|   ac_cv_path_ac_pt_NM=${NM}
| fi
| 
| if test -n ""; then
|   enable_reduce_exports=no
| fi
| 
| if test -n "-pipe -O2"; then
|   CFLAGS="-pipe -O2 $CFLAGS"
| fi
| if test -n "-pipe -O2"; then
|   CXXFLAGS="-pipe -O2 $CXXFLAGS"
| fi
| if test -n ""; then
|   CPPFLAGS=" $CPPFLAGS"
| fi
| if test -n ""; then
|   LDFLAGS=" $LDFLAGS"
| fi
configure:2299: checking build system type
configure:2313: result: x86_64-pc-linux-gnu
configure:2333: checking host system type
configure:2346: result: x86_64-w64-mingw32
configure:2385: checking for a BSD-compatible install
configure:2453: result: /usr/bin/install -c
configure:2464: checking whether build environment is sane
configure:2519: result: yes
configure:2576: checking for x86_64-w64-mingw32-strip
configure:2592: found /usr/bin/x86_64-w64-mingw32-strip
configure:2603: result: x86_64-w64-mingw32-strip
configure:2668: checking for a thread-safe mkdir -p
configure:2707: result: /usr/bin/mkdir -p
configure:2714: checking for gawk
configure:2744: result: no
configure:2714: checking for mawk
configure:2730: found /usr/bin/mawk
configure:2741: result: mawk
configure:2752: checking whether make sets $(MAKE)
configure:2774: result: yes
configure:2803: checking whether make supports nested variables
configure:2820: result: yes
configure:2992: checking how to print strings
configure:3019: result: printf
configure:3044: checking whether make supports the include directive
configure:3059: make -f confmf.GNU && cat confinc.out
this is the am__doit target
configure:3062: $? = 0
configure:3081: result: yes (GNU style)
configure:3111: checking for x86_64-w64-mingw32-gcc
configure:3138: result: x86_64-w64-mingw32-gcc
configure:3407: checking for C compiler version
configure:3416: x86_64-w64-mingw32-gcc --version >&5
x86_64-w64-mingw32-gcc (GCC) 9.2-posix 20191008
Copyright (C) 2019 Free Software Foundation, Inc.
This is free software; see the source for copying conditions.  There is NO
warranty; not even for MERCHANTABILITY or FITNESS FOR A PARTICULAR PURPOSE.

configure:3427: $? = 0
configure:3416: x86_64-w64-mingw32-gcc -v >&5
Using built-in specs.
COLLECT_GCC=x86_64-w64-mingw32-gcc
COLLECT_LTO_WRAPPER=/usr/lib/gcc/x86_64-w64-mingw32/9.2-posix/lto-wrapper
Target: x86_64-w64-mingw32
Configured with: ../../src/configure --build=x86_64-linux-gnu --prefix=/usr --includedir='/usr/include' --mandir='/usr/share/man' --infodir='/usr/share/info' --sysconfdir=/etc --localstatedir=/var --disable-silent-rules --libdir='/usr/lib/x86_64-linux-gnu' --libexecdir='/usr/lib/x86_64-linux-gnu' --disable-maintainer-mode --disable-dependency-tracking --prefix=/usr --enable-shared --enable-static --disable-multilib --with-system-zlib --libexecdir=/usr/lib --without-included-gettext --libdir=/usr/lib --enable-libstdcxx-time=yes --with-tune=generic --with-headers=/usr/x86_64-w64-mingw32/include --enable-version-specific-runtime-libs --enable-fully-dynamic-string --enable-libgomp --enable-languages=c,c++,fortran,objc,obj-c++,ada --enable-lto --enable-threads=posix --program-suffix=-posix --program-prefix=x86_64-w64-mingw32- --target=x86_64-w64-mingw32 --with-as=/usr/bin/x86_64-w64-mingw32-as --with-ld=/usr/bin/x86_64-w64-mingw32-ld --enable-libatomic --enable-libstdcxx-filesystem-ts=yes --enable-dependency-tracking
Thread model: posix
gcc version 9.2-posix 20191008 (GCC) 
configure:3427: $? = 0
configure:3416: x86_64-w64-mingw32-gcc -V >&5
x86_64-w64-mingw32-gcc: error: unrecognized command line option '-V'
x86_64-w64-mingw32-gcc: fatal error: no input files
compilation terminated.
configure:3427: $? = 1
configure:3416: x86_64-w64-mingw32-gcc -qversion >&5
x86_64-w64-mingw32-gcc: error: unrecognized command line option '-qversion'; did you mean '--version'?
x86_64-w64-mingw32-gcc: fatal error: no input files
compilation terminated.
configure:3427: $? = 1
configure:3447: checking whether the C compiler works
configure:3469: x86_64-w64-mingw32-gcc -pipe -O2  -I/home/edson/Azzurerenamed/depends/x86_64-w64-mingw32/share/../include/  -L/home/edson/Azzurerenamed/depends/x86_64-w64-mingw32/share/../lib  conftest.c  >&5
configure:3473: $? = 0
configure:3521: result: yes
configure:3524: checking for C compiler default output file name
configure:3526: result: a.exe
configure:3532: checking for suffix of executables
configure:3539: x86_64-w64-mingw32-gcc -o conftest.exe -pipe -O2  -I/home/edson/Azzurerenamed/depends/x86_64-w64-mingw32/share/../include/  -L/home/edson/Azzurerenamed/depends/x86_64-w64-mingw32/share/../lib  conftest.c  >&5
configure:3543: $? = 0
configure:3565: result: .exe
configure:3587: checking whether we are cross compiling
configure:3595: x86_64-w64-mingw32-gcc -o conftest.exe -pipe -O2  -I/home/edson/Azzurerenamed/depends/x86_64-w64-mingw32/share/../include/  -L/home/edson/Azzurerenamed/depends/x86_64-w64-mingw32/share/../lib  conftest.c  >&5
configure:3599: $? = 0
configure:3606: ./conftest.exe
./configure: line 3608: ./conftest.exe: cannot execute binary file: Exec format error
configure:3610: $? = 126
configure:3598: result: yes
configure:3603: checking for suffix of object files
configure:3625: x86_64-w64-mingw32-gcc -c -pipe -O2  -I/home/edson/Azzurerenamed/depends/x86_64-w64-mingw32/share/../include/  conftest.c >&5
configure:3629: $? = 0
configure:3650: result: o
configure:3654: checking whether we are using the GNU C compiler
configure:3673: x86_64-w64-mingw32-gcc -c -pipe -O2  -I/home/edson/Azzurerenamed/depends/x86_64-w64-mingw32/share/../include/  conftest.c >&5
configure:3673: $? = 0
configure:3682: result: yes
configure:3691: checking whether x86_64-w64-mingw32-gcc accepts -g
configure:3711: x86_64-w64-mingw32-gcc -c -g -I/home/edson/Azzurerenamed/depends/x86_64-w64-mingw32/share/../include/  conftest.c >&5
configure:3711: $? = 0
configure:3752: result: yes
configure:3769: checking for x86_64-w64-mingw32-gcc option to accept ISO C89
configure:3832: x86_64-w64-mingw32-gcc  -c -pipe -O2  -I/home/edson/Azzurerenamed/depends/x86_64-w64-mingw32/share/../include/  conftest.c >&5
configure:3832: $? = 0
configure:3845: result: none needed
configure:3870: checking whether x86_64-w64-mingw32-gcc understands -c and -o together
configure:3892: x86_64-w64-mingw32-gcc -c conftest.c -o conftest2.o
configure:3895: $? = 0
configure:3892: x86_64-w64-mingw32-gcc -c conftest.c -o conftest2.o
configure:3895: $? = 0
configure:3907: result: yes
configure:3926: checking dependency style of x86_64-w64-mingw32-gcc
configure:4037: result: gcc3
configure:4052: checking for a sed that does not truncate output
configure:4116: result: /usr/bin/sed
configure:4134: checking for grep that handles long lines and -e
configure:4192: result: /usr/bin/grep
configure:4197: checking for egrep
configure:4259: result: /usr/bin/grep -E
configure:4264: checking for fgrep
configure:4326: result: /usr/bin/grep -F
configure:4361: checking for ld used by x86_64-w64-mingw32-gcc
configure:4428: result: /usr/bin/x86_64-w64-mingw32-ld
configure:4435: checking if the linker (/usr/bin/x86_64-w64-mingw32-ld) is GNU ld
configure:4450: result: yes
configure:4462: checking for BSD- or MS-compatible name lister (nm)
configure:4516: result: x86_64-w64-mingw32-nm
configure:4646: checking the name lister (x86_64-w64-mingw32-nm) interface
configure:4653: x86_64-w64-mingw32-gcc -c -pipe -O2  -I/home/edson/Azzurerenamed/depends/x86_64-w64-mingw32/share/../include/  conftest.c >&5
configure:4656: x86_64-w64-mingw32-nm "conftest.o"
configure:4659: output
0000000000000000 b .bss
0000000000000000 d .data
0000000000000000 r .rdata$zzz
0000000000000000 t .text
0000000000000000 B some_variable
configure:4660: result: BSD nm
configure:4663: checking whether ln -s works
configure:4667: result: yes
configure:4675: checking the maximum length of command line arguments
configure:4806: result: 1572864
configure:4854: checking how to convert x86_64-pc-linux-gnu file names to x86_64-w64-mingw32 format
configure:4894: result: func_convert_file_nix_to_w32
configure:4901: checking how to convert x86_64-pc-linux-gnu file names to toolchain format
configure:4921: result: func_convert_file_noop
configure:4928: checking for /usr/bin/x86_64-w64-mingw32-ld option to reload object files
configure:4935: result: -r
configure:4969: checking for x86_64-w64-mingw32-objdump
configure:4985: found /usr/bin/x86_64-w64-mingw32-objdump
configure:4996: result: x86_64-w64-mingw32-objdump
configure:5068: checking how to recognize dependent libraries
configure:5268: result: file_magic ^x86 archive import|^x86 DLL
configure:5313: checking for x86_64-w64-mingw32-dlltool
configure:5329: found /usr/bin/x86_64-w64-mingw32-dlltool
configure:5340: result: x86_64-w64-mingw32-dlltool
configure:5413: checking how to associate runtime and link libraries
configure:5440: result: func_cygming_dll_for_implib
configure:5457: checking for x86_64-w64-mingw32-ar
configure:5484: result: x86_64-w64-mingw32-ar
configure:5565: checking for archiver @FILE support
configure:5582: x86_64-w64-mingw32-gcc -c -pipe -O2  -I/home/edson/Azzurerenamed/depends/x86_64-w64-mingw32/share/../include/  conftest.c >&5
configure:5582: $? = 0
configure:5585: x86_64-w64-mingw32-ar cru libconftest.a @conftest.lst >&5
x86_64-w64-mingw32-ar: `u' modifier ignored since `D' is the default (see `U')
configure:5588: $? = 0
configure:5593: x86_64-w64-mingw32-ar cru libconftest.a @conftest.lst >&5
x86_64-w64-mingw32-ar: `u' modifier ignored since `D' is the default (see `U')
x86_64-w64-mingw32-ar: conftest.o: No such file or directory
configure:5596: $? = 1
configure:5595: result: @
configure:5613: checking for x86_64-w64-mingw32-strip
configure:5640: result: x86_64-w64-mingw32-strip
configure:5712: checking for x86_64-w64-mingw32-ranlib
configure:5739: result: x86_64-w64-mingw32-ranlib
configure:5881: checking command to parse x86_64-w64-mingw32-nm output from x86_64-w64-mingw32-gcc object
configure:6034: x86_64-w64-mingw32-gcc -c -pipe -O2  -I/home/edson/Azzurerenamed/depends/x86_64-w64-mingw32/share/../include/  conftest.c >&5
configure:6037: $? = 0
configure:6041: x86_64-w64-mingw32-nm conftest.o | sed -n -e 's/^.*[	 ]\([ABCDGIRSTW][ABCDGIRSTW]*\)[	 ][	 ]*\([_A-Za-z][_A-Za-z0-9]*\)$/\1 \2 \2/p' | sed '/ __gnu_lto/d' > conftest.nm
configure:6107: x86_64-w64-mingw32-gcc -o conftest.exe -pipe -O2  -I/home/edson/Azzurerenamed/depends/x86_64-w64-mingw32/share/../include/  -L/home/edson/Azzurerenamed/depends/x86_64-w64-mingw32/share/../lib  conftest.c conftstm.o >&5
configure:6110: $? = 0
configure:6148: result: ok
configure:6195: checking for sysroot
configure:6225: result: no
configure:6232: checking for a working dd
configure:6270: result: /usr/bin/dd
configure:6274: checking how to truncate binary pipes
configure:6289: result: /usr/bin/dd bs=4096 count=1
configure:6578: checking for x86_64-w64-mingw32-mt
configure:6608: result: no
configure:6618: checking for mt
configure:6634: found /usr/bin/mt
configure:6645: result: mt
configure:6657: WARNING: using cross tools not prefixed with host triplet
configure:6668: checking if mt is a manifest tool
configure:6674: mt '-?'
configure:6682: result: no
configure:7359: checking how to run the C preprocessor
configure:7390: x86_64-w64-mingw32-gcc -E -I/home/edson/Azzurerenamed/depends/x86_64-w64-mingw32/share/../include/  conftest.c
configure:7390: $? = 0
configure:7404: x86_64-w64-mingw32-gcc -E -I/home/edson/Azzurerenamed/depends/x86_64-w64-mingw32/share/../include/  conftest.c
conftest.c:11:10: fatal error: ac_nonexistent.h: No such file or directory
   11 | #include <ac_nonexistent.h>
      |          ^~~~~~~~~~~~~~~~~~
compilation terminated.
configure:7404: $? = 1
configure: failed program was:
| /* confdefs.h */
| #define PACKAGE_NAME "libsecp256k1"
| #define PACKAGE_TARNAME "libsecp256k1"
| #define PACKAGE_VERSION "0.1"
| #define PACKAGE_STRING "libsecp256k1 0.1"
| #define PACKAGE_BUGREPORT ""
| #define PACKAGE_URL ""
| #define PACKAGE "libsecp256k1"
| #define VERSION "0.1"
| /* end confdefs.h.  */
| #include <ac_nonexistent.h>
configure:7429: result: x86_64-w64-mingw32-gcc -E
configure:7449: x86_64-w64-mingw32-gcc -E -I/home/edson/Azzurerenamed/depends/x86_64-w64-mingw32/share/../include/  conftest.c
configure:7449: $? = 0
configure:7463: x86_64-w64-mingw32-gcc -E -I/home/edson/Azzurerenamed/depends/x86_64-w64-mingw32/share/../include/  conftest.c
conftest.c:11:10: fatal error: ac_nonexistent.h: No such file or directory
   11 | #include <ac_nonexistent.h>
      |          ^~~~~~~~~~~~~~~~~~
compilation terminated.
configure:7463: $? = 1
configure: failed program was:
| /* confdefs.h */
| #define PACKAGE_NAME "libsecp256k1"
| #define PACKAGE_TARNAME "libsecp256k1"
| #define PACKAGE_VERSION "0.1"
| #define PACKAGE_STRING "libsecp256k1 0.1"
| #define PACKAGE_BUGREPORT ""
| #define PACKAGE_URL ""
| #define PACKAGE "libsecp256k1"
| #define VERSION "0.1"
| /* end confdefs.h.  */
| #include <ac_nonexistent.h>
configure:7492: checking for ANSI C header files
configure:7512: x86_64-w64-mingw32-gcc -c -pipe -O2  -I/home/edson/Azzurerenamed/depends/x86_64-w64-mingw32/share/../include/  conftest.c >&5
configure:7512: $? = 0
configure:7596: result: yes
configure:7609: checking for sys/types.h
configure:7609: x86_64-w64-mingw32-gcc -c -pipe -O2  -I/home/edson/Azzurerenamed/depends/x86_64-w64-mingw32/share/../include/  conftest.c >&5
configure:7609: $? = 0
configure:7609: result: yes
configure:7609: checking for sys/stat.h
configure:7609: x86_64-w64-mingw32-gcc -c -pipe -O2  -I/home/edson/Azzurerenamed/depends/x86_64-w64-mingw32/share/../include/  conftest.c >&5
configure:7609: $? = 0
configure:7609: result: yes
configure:7609: checking for stdlib.h
configure:7609: x86_64-w64-mingw32-gcc -c -pipe -O2  -I/home/edson/Azzurerenamed/depends/x86_64-w64-mingw32/share/../include/  conftest.c >&5
configure:7609: $? = 0
configure:7609: result: yes
configure:7609: checking for string.h
configure:7609: x86_64-w64-mingw32-gcc -c -pipe -O2  -I/home/edson/Azzurerenamed/depends/x86_64-w64-mingw32/share/../include/  conftest.c >&5
configure:7609: $? = 0
configure:7609: result: yes
configure:7609: checking for memory.h
configure:7609: x86_64-w64-mingw32-gcc -c -pipe -O2  -I/home/edson/Azzurerenamed/depends/x86_64-w64-mingw32/share/../include/  conftest.c >&5
configure:7609: $? = 0
configure:7609: result: yes
configure:7609: checking for strings.h
configure:7609: x86_64-w64-mingw32-gcc -c -pipe -O2  -I/home/edson/Azzurerenamed/depends/x86_64-w64-mingw32/share/../include/  conftest.c >&5
configure:7609: $? = 0
configure:7609: result: yes
configure:7609: checking for inttypes.h
configure:7609: x86_64-w64-mingw32-gcc -c -pipe -O2  -I/home/edson/Azzurerenamed/depends/x86_64-w64-mingw32/share/../include/  conftest.c >&5
configure:7609: $? = 0
configure:7609: result: yes
configure:7609: checking for stdint.h
configure:7609: x86_64-w64-mingw32-gcc -c -pipe -O2  -I/home/edson/Azzurerenamed/depends/x86_64-w64-mingw32/share/../include/  conftest.c >&5
configure:7609: $? = 0
configure:7609: result: yes
configure:7609: checking for unistd.h
configure:7609: x86_64-w64-mingw32-gcc -c -pipe -O2  -I/home/edson/Azzurerenamed/depends/x86_64-w64-mingw32/share/../include/  conftest.c >&5
configure:7609: $? = 0
configure:7609: result: yes
configure:7623: checking for dlfcn.h
configure:7623: x86_64-w64-mingw32-gcc -c -pipe -O2  -I/home/edson/Azzurerenamed/depends/x86_64-w64-mingw32/share/../include/  conftest.c >&5
conftest.c:55:10: fatal error: dlfcn.h: No such file or directory
   55 | #include <dlfcn.h>
      |          ^~~~~~~~~
compilation terminated.
configure:7623: $? = 1
configure: failed program was:
| /* confdefs.h */
| #define PACKAGE_NAME "libsecp256k1"
| #define PACKAGE_TARNAME "libsecp256k1"
| #define PACKAGE_VERSION "0.1"
| #define PACKAGE_STRING "libsecp256k1 0.1"
| #define PACKAGE_BUGREPORT ""
| #define PACKAGE_URL ""
| #define PACKAGE "libsecp256k1"
| #define VERSION "0.1"
| #define STDC_HEADERS 1
| #define HAVE_SYS_TYPES_H 1
| #define HAVE_SYS_STAT_H 1
| #define HAVE_STDLIB_H 1
| #define HAVE_STRING_H 1
| #define HAVE_MEMORY_H 1
| #define HAVE_STRINGS_H 1
| #define HAVE_INTTYPES_H 1
| #define HAVE_STDINT_H 1
| #define HAVE_UNISTD_H 1
| /* end confdefs.h.  */
| #include <stdio.h>
| #ifdef HAVE_SYS_TYPES_H
| # include <sys/types.h>
| #endif
| #ifdef HAVE_SYS_STAT_H
| # include <sys/stat.h>
| #endif
| #ifdef STDC_HEADERS
| # include <stdlib.h>
| # include <stddef.h>
| #else
| # ifdef HAVE_STDLIB_H
| #  include <stdlib.h>
| # endif
| #endif
| #ifdef HAVE_STRING_H
| # if !defined STDC_HEADERS && defined HAVE_MEMORY_H
| #  include <memory.h>
| # endif
| # include <string.h>
| #endif
| #ifdef HAVE_STRINGS_H
| # include <strings.h>
| #endif
| #ifdef HAVE_INTTYPES_H
| # include <inttypes.h>
| #endif
| #ifdef HAVE_STDINT_H
| # include <stdint.h>
| #endif
| #ifdef HAVE_UNISTD_H
| # include <unistd.h>
| #endif
| 
| #include <dlfcn.h>
configure:7623: result: no
configure:7879: checking for objdir
configure:7894: result: .libs
configure:8158: checking if x86_64-w64-mingw32-gcc supports -fno-rtti -fno-exceptions
configure:8176: x86_64-w64-mingw32-gcc -c -pipe -O2  -I/home/edson/Azzurerenamed/depends/x86_64-w64-mingw32/share/../include/  -fno-rtti -fno-exceptions conftest.c >&5
cc1: warning: command line option '-fno-rtti' is valid for C++/D/ObjC++ but not for C
configure:8180: $? = 0
configure:8193: result: no
configure:8557: checking for x86_64-w64-mingw32-gcc option to produce PIC
configure:8564: result: -DDLL_EXPORT -DPIC
configure:8572: checking if x86_64-w64-mingw32-gcc PIC flag -DDLL_EXPORT -DPIC works
configure:8590: x86_64-w64-mingw32-gcc -c -pipe -O2  -I/home/edson/Azzurerenamed/depends/x86_64-w64-mingw32/share/../include/  -DDLL_EXPORT -DPIC -DPIC conftest.c >&5
configure:8594: $? = 0
configure:8607: result: yes
configure:8636: checking if x86_64-w64-mingw32-gcc static flag -static works
configure:8664: result: yes
configure:8679: checking if x86_64-w64-mingw32-gcc supports -c -o file.o
configure:8700: x86_64-w64-mingw32-gcc -c -pipe -O2  -I/home/edson/Azzurerenamed/depends/x86_64-w64-mingw32/share/../include/  -o out/conftest2.o conftest.c >&5
configure:8704: $? = 0
configure:8726: result: yes
configure:8734: checking if x86_64-w64-mingw32-gcc supports -c -o file.o
configure:8781: result: yes
configure:8814: checking whether the x86_64-w64-mingw32-gcc linker (/usr/bin/x86_64-w64-mingw32-ld) supports shared libraries
configure:10077: result: yes
configure:10317: checking dynamic linker characteristics
configure:11147: result: Win32 ld.exe
configure:11269: checking how to hardcode library paths into programs
configure:11294: result: immediate
configure:11842: checking whether stripping libraries is possible
configure:11847: result: yes
configure:11882: checking if libtool supports shared libraries
configure:11884: result: yes
configure:11887: checking whether to build shared libraries
configure:11912: result: no
configure:11915: checking whether to build static libraries
configure:11919: result: yes
configure:8744: checking whether make supports nested variables
configure:8761: result: yes
configure:8784: checking for x86_64-w64-mingw32-pkg-config
configure:8814: result: /usr/bin/pkg-config --static
configure:8882: checking pkg-config is at least version 0.9.0
configure:8885: result: yes
configure:8897: checking for x86_64-w64-mingw32-ar
configure:8915: found /usr/bin/x86_64-w64-mingw32-ar
configure:8927: result: /usr/bin/x86_64-w64-mingw32-ar
configure:8995: checking for x86_64-w64-mingw32-ranlib
configure:9013: found /usr/bin/x86_64-w64-mingw32-ranlib
configure:9025: result: /usr/bin/x86_64-w64-mingw32-ranlib
configure:9093: checking for x86_64-w64-mingw32-strip
configure:9111: found /usr/bin/x86_64-w64-mingw32-strip
configure:9123: result: /usr/bin/x86_64-w64-mingw32-strip
configure:9189: checking for x86_64-w64-mingw32-gcc option to accept ISO C99
configure:9338: x86_64-w64-mingw32-gcc  -c -pipe -O2  -I/home/edson/Azzurerenamed/depends/x86_64-w64-mingw32/share/../include/  conftest.c >&5
configure:9338: $? = 0
configure:9351: result: none needed
configure:9489: checking if x86_64-w64-mingw32-gcc supports -Wall -Wextra -Wcast-align -Wnested-externs -Wshadow -Wstrict-prototypes -Wno-unused-function
configure:9495: x86_64-w64-mingw32-gcc -c -pipe -O2  -W -Wall -Wextra -Wcast-align -Wnested-externs -Wshadow -Wstrict-prototypes -Wno-unused-function -I/home/edson/Azzurerenamed/depends/x86_64-w64-mingw32/share/../include/  conftest.c >&5
configure:9495: $? = 0
configure:9496: result: yes
configure:9558: checking for __int128
configure:9558: x86_64-w64-mingw32-gcc -c -pipe -O2  -W -Wall -Wextra -Wcast-align -Wnested-externs -Wshadow -Wstrict-prototypes -Wno-unused-function -I/home/edson/Azzurerenamed/depends/x86_64-w64-mingw32/share/../include/  conftest.c >&5
conftest.c:56:1: warning: function declaration isn't a prototype [-Wstrict-prototypes]
   56 | main ()
      | ^~~~
configure:9558: $? = 0
configure:9558: x86_64-w64-mingw32-gcc -c -pipe -O2  -W -Wall -Wextra -Wcast-align -Wnested-externs -Wshadow -Wstrict-prototypes -Wno-unused-function -I/home/edson/Azzurerenamed/depends/x86_64-w64-mingw32/share/../include/  conftest.c >&5
conftest.c:56:1: warning: function declaration isn't a prototype [-Wstrict-prototypes]
   56 | main ()
      | ^~~~
conftest.c: In function 'main':
conftest.c:58:23: error: expected expression before ')' token
   58 | if (sizeof ((__int128)))
      |                       ^
configure:9558: $? = 1
configure: failed program was:
| /* confdefs.h */
| #define PACKAGE_NAME "libsecp256k1"
| #define PACKAGE_TARNAME "libsecp256k1"
| #define PACKAGE_VERSION "0.1"
| #define PACKAGE_STRING "libsecp256k1 0.1"
| #define PACKAGE_BUGREPORT ""
| #define PACKAGE_URL ""
| #define PACKAGE "libsecp256k1"
| #define VERSION "0.1"
| #define STDC_HEADERS 1
| #define HAVE_SYS_TYPES_H 1
| #define HAVE_SYS_STAT_H 1
| #define HAVE_STDLIB_H 1
| #define HAVE_STRING_H 1
| #define HAVE_MEMORY_H 1
| #define HAVE_STRINGS_H 1
| #define HAVE_INTTYPES_H 1
| #define HAVE_STDINT_H 1
| #define HAVE_UNISTD_H 1
| #define LT_OBJDIR ".libs/"
| /* end confdefs.h.  */
| #include <stdio.h>
| #ifdef HAVE_SYS_TYPES_H
| # include <sys/types.h>
| #endif
| #ifdef HAVE_SYS_STAT_H
| # include <sys/stat.h>
| #endif
| #ifdef STDC_HEADERS
| # include <stdlib.h>
| # include <stddef.h>
| #else
| # ifdef HAVE_STDLIB_H
| #  include <stdlib.h>
| # endif
| #endif
| #ifdef HAVE_STRING_H
| # if !defined STDC_HEADERS && defined HAVE_MEMORY_H
| #  include <memory.h>
| # endif
| # include <string.h>
| #endif
| #ifdef HAVE_STRINGS_H
| # include <strings.h>
| #endif
| #ifdef HAVE_INTTYPES_H
| # include <inttypes.h>
| #endif
| #ifdef HAVE_STDINT_H
| # include <stdint.h>
| #endif
| #ifdef HAVE_UNISTD_H
| # include <unistd.h>
| #endif
| int
| main ()
| {
| if (sizeof ((__int128)))
| 	    return 0;
|   ;
|   return 0;
| }
configure:9558: result: yes
configure:9569: checking whether __builtin_expect is declared
configure:9569: x86_64-w64-mingw32-gcc -c -pipe -O2  -W -Wall -Wextra -Wcast-align -Wnested-externs -Wshadow -Wstrict-prototypes -Wno-unused-function -I/home/edson/Azzurerenamed/depends/x86_64-w64-mingw32/share/../include/  conftest.c >&5
conftest.c:57:1: warning: function declaration isn't a prototype [-Wstrict-prototypes]
   57 | main ()
      | ^~~~
configure:9569: $? = 0
configure:9569: result: yes
configure:9769: Using field implementation: 32bit
configure:9771: Using bignum implementation: none
configure:9773: Using scalar implementation: 32bit
configure:9915: checking that generated files are newer than configure
configure:9921: result: done
configure:9956: creating ./config.status

## ---------------------- ##
## Running config.status. ##
## ---------------------- ##

This file was extended by libsecp256k1 config.status 0.1, which was
generated by GNU Autoconf 2.69.  Invocation command line was

  CONFIG_FILES    = 
  CONFIG_HEADERS  = 
  CONFIG_LINKS    = 
  CONFIG_COMMANDS = 
  $ ./config.status 

on edson-Inspiron-15-3567

config.status:1116: creating Makefile
config.status:1116: creating libsecp256k1.pc
config.status:1116: creating src/libsecp256k1-config.h
config.status:1345: executing depfiles commands
config.status:1422: cd .       && sed -e '/# am--include-marker/d' Makefile         | make -f - am--depfiles
make: Nothing to be done for 'am--depfiles'.
config.status:1427: $? = 0
config.status:1345: executing libtool commands

## ---------------- ##
## Cache variables. ##
## ---------------- ##

ac_cv_build=x86_64-pc-linux-gnu
ac_cv_c_compiler_gnu=yes
ac_cv_env_CC_set=
ac_cv_env_CC_value=
ac_cv_env_CFLAGS_set=
ac_cv_env_CFLAGS_value=
ac_cv_env_CPPFLAGS_set=
ac_cv_env_CPPFLAGS_value=
ac_cv_env_CPP_set=
ac_cv_env_CPP_value=
ac_cv_env_LDFLAGS_set=
ac_cv_env_LDFLAGS_value=
ac_cv_env_LIBS_set=
ac_cv_env_LIBS_value=
ac_cv_env_LT_SYS_LIBRARY_PATH_set=
ac_cv_env_LT_SYS_LIBRARY_PATH_value=
ac_cv_env_PKG_CONFIG_LIBDIR_set=
ac_cv_env_PKG_CONFIG_LIBDIR_value=
ac_cv_env_PKG_CONFIG_PATH_set=
ac_cv_env_PKG_CONFIG_PATH_value=
ac_cv_env_PKG_CONFIG_set=
ac_cv_env_PKG_CONFIG_value=
ac_cv_env_build_alias_set=
ac_cv_env_build_alias_value=
ac_cv_env_host_alias_set=
ac_cv_env_host_alias_value=
ac_cv_env_target_alias_set=
ac_cv_env_target_alias_value=
ac_cv_exeext=.exe
ac_cv_have_decl___builtin_expect=yes
ac_cv_header_dlfcn_h=no
ac_cv_header_inttypes_h=yes
ac_cv_header_memory_h=yes
ac_cv_header_stdc=yes
ac_cv_header_stdint_h=yes
ac_cv_header_stdlib_h=yes
ac_cv_header_string_h=yes
ac_cv_header_strings_h=yes
ac_cv_header_sys_stat_h=yes
ac_cv_header_sys_types_h=yes
ac_cv_header_unistd_h=yes
ac_cv_host=x86_64-w64-mingw32
ac_cv_objext=o
ac_cv_path_AR=/usr/bin/x86_64-w64-mingw32-ar
ac_cv_path_EGREP='/usr/bin/grep -E'
ac_cv_path_FGREP='/usr/bin/grep -F'
ac_cv_path_GREP=/usr/bin/grep
ac_cv_path_PKG_CONFIG='/usr/bin/pkg-config --static'
ac_cv_path_RANLIB=/usr/bin/x86_64-w64-mingw32-ranlib
ac_cv_path_SED=/usr/bin/sed
ac_cv_path_STRIP=/usr/bin/x86_64-w64-mingw32-strip
ac_cv_path_ac_pt_AR=x86_64-w64-mingw32-ar
ac_cv_path_ac_pt_NM=x86_64-w64-mingw32-nm
ac_cv_path_ac_pt_RANLIB=x86_64-w64-mingw32-ranlib
ac_cv_path_install='/usr/bin/install -c'
ac_cv_path_lt_DD=/usr/bin/dd
ac_cv_path_mkdir=/usr/bin/mkdir
ac_cv_prog_AR=x86_64-w64-mingw32-ar
ac_cv_prog_AWK=mawk
ac_cv_prog_CC=x86_64-w64-mingw32-gcc
ac_cv_prog_CPP='x86_64-w64-mingw32-gcc -E'
ac_cv_prog_DLLTOOL=x86_64-w64-mingw32-dlltool
ac_cv_prog_OBJDUMP=x86_64-w64-mingw32-objdump
ac_cv_prog_RANLIB=x86_64-w64-mingw32-ranlib
ac_cv_prog_STRIP=x86_64-w64-mingw32-strip
ac_cv_prog_ac_ct_MANIFEST_TOOL=mt
ac_cv_prog_cc_c89=
ac_cv_prog_cc_c99=
ac_cv_prog_cc_g=yes
ac_cv_prog_make_make_set=yes
ac_cv_type___int128=yes
am_cv_CC_dependencies_compiler_type=gcc3
am_cv_make_support_nested_variables=yes
am_cv_prog_cc_c_o=yes
lt_cv_ar_at_file=@
lt_cv_deplibs_check_method='file_magic ^x86 archive import|^x86 DLL'
lt_cv_file_magic_cmd=func_win32_libid
lt_cv_file_magic_test_file=
lt_cv_ld_reload_flag=-r
lt_cv_nm_interface='BSD nm'
lt_cv_objdir=.libs
lt_cv_path_LD=/usr/bin/x86_64-w64-mingw32-ld
lt_cv_path_NM=x86_64-w64-mingw32-nm
lt_cv_path_mainfest_tool=no
lt_cv_prog_compiler_c_o=yes
lt_cv_prog_compiler_pic='-DDLL_EXPORT -DPIC'
lt_cv_prog_compiler_pic_works=yes
lt_cv_prog_compiler_rtti_exceptions=no
lt_cv_prog_compiler_static_works=yes
lt_cv_prog_gnu_ld=yes
lt_cv_sharedlib_from_linklib_cmd=func_cygming_dll_for_implib
lt_cv_sys_global_symbol_pipe='sed -n -e '\''s/^.*[	 ]\([ABCDGIRSTW][ABCDGIRSTW]*\)[	 ][	 ]*\([_A-Za-z][_A-Za-z0-9]*\)$/\1 \2 \2/p'\'' | sed '\''/ __gnu_lto/d'\'''
lt_cv_sys_global_symbol_to_c_name_address='sed -n -e '\''s/^: \(.*\) .*$/  {"\1", (void *) 0},/p'\'' -e '\''s/^[ABCDGIRSTW][ABCDGIRSTW]* .* \(.*\)$/  {"\1", (void *) \&\1},/p'\'''
lt_cv_sys_global_symbol_to_c_name_address_lib_prefix='sed -n -e '\''s/^: \(.*\) .*$/  {"\1", (void *) 0},/p'\'' -e '\''s/^[ABCDGIRSTW][ABCDGIRSTW]* .* \(lib.*\)$/  {"\1", (void *) \&\1},/p'\'' -e '\''s/^[ABCDGIRSTW][ABCDGIRSTW]* .* \(.*\)$/  {"lib\1", (void *) \&\1},/p'\'''
lt_cv_sys_global_symbol_to_cdecl='sed -n -e '\''s/^T .* \(.*\)$/extern int \1();/p'\'' -e '\''s/^[ABCDGIRSTW][ABCDGIRSTW]* .* \(.*\)$/extern char \1;/p'\'''
lt_cv_sys_global_symbol_to_import=
lt_cv_sys_max_cmd_len=1572864
lt_cv_to_host_file_cmd=func_convert_file_nix_to_w32
lt_cv_to_tool_file_cmd=func_convert_file_noop
lt_cv_truncate_bin='/usr/bin/dd bs=4096 count=1'

## ----------------- ##
## Output variables. ##
## ----------------- ##

ACLOCAL='${SHELL} /home/edson/Azzurerenamed/src/secp256k1/build-aux/missing aclocal-1.16'
AMDEPBACKSLASH='\'
AMDEP_FALSE='#'
AMDEP_TRUE=''
AMTAR='$${TAR-tar}'
AM_BACKSLASH='\'
AM_DEFAULT_V='$(AM_DEFAULT_VERBOSITY)'
AM_DEFAULT_VERBOSITY='0'
AM_V='$(V)'
AR='/usr/bin/x86_64-w64-mingw32-ar'
AUTOCONF='${SHELL} /home/edson/Azzurerenamed/src/secp256k1/build-aux/missing autoconf'
AUTOHEADER='${SHELL} /home/edson/Azzurerenamed/src/secp256k1/build-aux/missing autoheader'
AUTOMAKE='${SHELL} /home/edson/Azzurerenamed/src/secp256k1/build-aux/missing automake-1.16'
AWK='mawk'
BREW=''
CC='x86_64-w64-mingw32-gcc'
CCDEPMODE='depmode=gcc3'
CFLAGS='-pipe -O2  -W -Wall -Wextra -Wcast-align -Wnested-externs -Wshadow -Wstrict-prototypes -Wno-unused-function'
CPP='x86_64-w64-mingw32-gcc -E'
CPPFLAGS='-I/home/edson/Azzurerenamed/depends/x86_64-w64-mingw32/share/../include/ '
CYGPATH_W='echo'
DEFS='-DHAVE_CONFIG_H'
DEPDIR='.deps'
DLLTOOL='x86_64-w64-mingw32-dlltool'
DSYMUTIL=''
DUMPBIN=''
ECHO_C=''
ECHO_N='-n'
ECHO_T=''
EGREP='/usr/bin/grep -E'
EXEEXT='.exe'
FGREP='/usr/bin/grep -F'
GREP='/usr/bin/grep'
INSTALL_DATA='${INSTALL} -m 644'
INSTALL_PROGRAM='${INSTALL}'
INSTALL_SCRIPT='${INSTALL}'
INSTALL_STRIP_PROGRAM='$(install_sh) -c -s'
LD='/usr/bin/x86_64-w64-mingw32-ld'
LDFLAGS='-L/home/edson/Azzurerenamed/depends/x86_64-w64-mingw32/share/../lib '
LIBOBJS=''
LIBS=''
LIBTOOL='$(SHELL) $(top_builddir)/libtool'
LIPO=''
LN_S='ln -s'
LTLIBOBJS=''
LT_SYS_LIBRARY_PATH=''
MAKEINFO='${SHELL} /home/edson/Azzurerenamed/src/secp256k1/build-aux/missing makeinfo'
MANIFEST_TOOL=':'
MKDIR_P='/usr/bin/mkdir -p'
NM='x86_64-w64-mingw32-nm'
NMEDIT=''
OBJDUMP='x86_64-w64-mingw32-objdump'
OBJEXT='o'
OTOOL64=''
OTOOL=''
PACKAGE='libsecp256k1'
PACKAGE_BUGREPORT=''
PACKAGE_NAME='libsecp256k1'
PACKAGE_STRING='libsecp256k1 0.1'
PACKAGE_TARNAME='libsecp256k1'
PACKAGE_URL=''
PACKAGE_VERSION='0.1'
PATH_SEPARATOR=':'
PKG_CONFIG='/usr/bin/pkg-config --static'
PKG_CONFIG_LIBDIR='/home/edson/Azzurerenamed/depends/x86_64-w64-mingw32/share/../lib/pkgconfig'
PKG_CONFIG_PATH='/home/edson/Azzurerenamed/depends/x86_64-w64-mingw32/share/../share/pkgconfig'
PORT=''
RANLIB='/usr/bin/x86_64-w64-mingw32-ranlib'
SECP_INCLUDES=''
SECP_LIBS=''
SECP_TEST_INCLUDES=''
SECP_TEST_LIBS=''
SED='/usr/bin/sed'
SET_MAKE=''
SHELL='/bin/bash'
STRIP='/usr/bin/x86_64-w64-mingw32-strip'
USE_ASM_FALSE=''
USE_ASM_TRUE='#'
USE_BENCHMARK_FALSE='#'
USE_BENCHMARK_TRUE=''
USE_TESTS_FALSE='#'
USE_TESTS_TRUE=''
VERSION='0.1'
YASM_BINFMT=''
ac_ct_AR=''
ac_ct_CC=''
ac_ct_DUMPBIN=''
am__EXEEXT_FALSE='#'
am__EXEEXT_TRUE=''
am__fastdepCC_FALSE='#'
am__fastdepCC_TRUE=''
am__include='include'
am__isrc=''
am__leading_dot='.'
am__nodep='_no'
am__quote=''
am__tar='$${TAR-tar} chof - "$$tardir"'
am__untar='$${TAR-tar} xf -'
bindir='${exec_prefix}/bin'
build='x86_64-pc-linux-gnu'
build_alias=''
build_cpu='x86_64'
build_os='linux-gnu'
build_vendor='pc'
datadir='${datarootdir}'
datarootdir='${prefix}/share'
docdir='${datarootdir}/doc/${PACKAGE_TARNAME}'
dvidir='${docdir}'
exec_prefix='${prefix}'
host='x86_64-w64-mingw32'
host_alias='x86_64-w64-mingw32'
host_cpu='x86_64'
host_os='mingw32'
host_vendor='w64'
htmldir='${docdir}'
includedir='${prefix}/include'
infodir='${datarootdir}/info'
install_sh='${SHELL} /home/edson/Azzurerenamed/src/secp256k1/build-aux/install-sh'
libdir='${exec_prefix}/lib'
libexecdir='${exec_prefix}/libexec'
localedir='${datarootdir}/locale'
localstatedir='${prefix}/var'
mandir='${datarootdir}/man'
mkdir_p='$(MKDIR_P)'
oldincludedir='/usr/include'
pdfdir='${docdir}'
prefix='/'
program_transform_name='s,x,x,'
psdir='${docdir}'
runstatedir='${localstatedir}/run'
sbindir='${exec_prefix}/sbin'
sharedstatedir='${prefix}/com'
sysconfdir='${prefix}/etc'
target_alias=''

## ----------- ##
## confdefs.h. ##
## ----------- ##

/* confdefs.h */
#define PACKAGE_NAME "libsecp256k1"
#define PACKAGE_TARNAME "libsecp256k1"
#define PACKAGE_VERSION "0.1"
#define PACKAGE_STRING "libsecp256k1 0.1"
#define PACKAGE_BUGREPORT ""
#define PACKAGE_URL ""
#define PACKAGE "libsecp256k1"
#define VERSION "0.1"
#define STDC_HEADERS 1
#define HAVE_SYS_TYPES_H 1
#define HAVE_SYS_STAT_H 1
#define HAVE_STDLIB_H 1
#define HAVE_STRING_H 1
#define HAVE_MEMORY_H 1
#define HAVE_STRINGS_H 1
#define HAVE_INTTYPES_H 1
#define HAVE_STDINT_H 1
#define HAVE_UNISTD_H 1
#define LT_OBJDIR ".libs/"
#define HAVE___INT128 1
#define HAVE_BUILTIN_EXPECT 1
#define USE_FIELD_10X26 1
#define USE_NUM_NONE 1
#define USE_FIELD_INV_BUILTIN 1
#define USE_SCALAR_INV_BUILTIN 1
#define USE_SCALAR_8X32 1

configure: exit 0
